2025-10-13 10:23:19,482 - ============================================================
2025-10-13 10:23:19,482 - ðŸŒŠ Flood Mapping Model Training: Final Corrected Script
2025-10-13 10:23:19,482 - Using device: mps
2025-10-13 10:23:19,482 - Hyperparameters: LR=0.0001, BS=16, Epochs=50
2025-10-13 10:23:19,482 - ============================================================
2025-10-13 10:23:19,487 - âœ… Loaded 251 images for 'train' split from flood_train_data.csv.
2025-10-13 10:23:19,489 - âœ… Loaded 88 images for 'valid' split from flood_valid_data.csv.
2025-10-13 10:26:16,579 - ============================================================
2025-10-13 10:26:16,579 - ðŸŒŠ Flood Mapping Model Training: Final Corrected Script
2025-10-13 10:26:16,580 - Using device: mps
2025-10-13 10:26:16,580 - Hyperparameters: LR=0.0001, BS=16, Epochs=50
2025-10-13 10:26:16,580 - ============================================================
2025-10-13 10:26:16,584 - âœ… Loaded 251 images for 'train' split from flood_train_data.csv.
2025-10-13 10:26:16,585 - âœ… Loaded 88 images for 'valid' split from flood_valid_data.csv.
2025-10-13 10:26:16,760 - 
--- EPOCH 1/50 ---
2025-10-13 10:32:20,797 - ============================================================
2025-10-13 10:32:20,797 - ðŸŒŠ Flood Mapping Model Training: Final Corrected Script
2025-10-13 10:32:20,797 - Using device: mps
2025-10-13 10:32:20,797 - Hyperparameters: LR=0.0001, BS=4, Epochs=50
2025-10-13 10:32:20,797 - ============================================================
2025-10-13 10:32:20,802 - âœ… Loaded 251 images for 'train' split from flood_train_data.csv.
2025-10-13 10:32:20,803 - âœ… Loaded 88 images for 'valid' split from flood_valid_data.csv.
2025-10-13 10:32:21,022 - 
--- EPOCH 1/50 ---
2025-10-13 10:32:33,687 -   [Epoch 1, Batch 20/63] Loss: 1.5443
2025-10-13 10:32:44,289 -   [Epoch 1, Batch 40/63] Loss: 1.0633
2025-10-13 10:32:55,093 -   [Epoch 1, Batch 60/63] Loss: 1.0925
2025-10-13 10:33:01,491 - ðŸ“Š TRAIN  -> Loss: 1.2313
2025-10-13 10:33:01,491 - ðŸ“Š VALID  -> Loss: 1.6758 | IoU: 0.0015 | F1: 0.0030 | Precision: 0.4845 | Recall: 0.0015
2025-10-13 10:33:01,666 - ðŸ† NEW BEST IoU: 0.0015. Model saved to /Users/atharvwadadekar/Major Project/DisasterDL/models/best_flood_model.pth
2025-10-13 10:33:01,667 - 
--- EPOCH 2/50 ---
2025-10-13 10:33:11,867 -   [Epoch 2, Batch 20/63] Loss: 1.0898
2025-10-13 10:33:22,072 -   [Epoch 2, Batch 40/63] Loss: 1.1381
2025-10-13 10:33:32,261 -   [Epoch 2, Batch 60/63] Loss: 1.0684
2025-10-13 10:33:36,712 - ðŸ“Š TRAIN  -> Loss: 1.0502
2025-10-13 10:33:36,712 - ðŸ“Š VALID  -> Loss: 1.4546 | IoU: 0.0829 | F1: 0.1488 | Precision: 0.6351 | Recall: 0.0888
2025-10-13 10:33:36,853 - ðŸ† NEW BEST IoU: 0.0829. Model saved to /Users/atharvwadadekar/Major Project/DisasterDL/models/best_flood_model.pth
2025-10-13 10:33:36,854 - 
--- EPOCH 3/50 ---
2025-10-13 10:33:47,333 -   [Epoch 3, Batch 20/63] Loss: 1.0750
2025-10-13 10:33:57,666 -   [Epoch 3, Batch 40/63] Loss: 1.0225
2025-10-13 10:34:07,903 -   [Epoch 3, Batch 60/63] Loss: 0.8049
2025-10-13 10:34:12,303 - ðŸ“Š TRAIN  -> Loss: 1.0379
2025-10-13 10:34:12,303 - ðŸ“Š VALID  -> Loss: 1.2889 | IoU: 0.3071 | F1: 0.4470 | Precision: 0.6235 | Recall: 0.3967
2025-10-13 10:34:12,454 - ðŸ† NEW BEST IoU: 0.3071. Model saved to /Users/atharvwadadekar/Major Project/DisasterDL/models/best_flood_model.pth
2025-10-13 10:34:12,454 - 
--- EPOCH 4/50 ---
2025-10-13 10:34:22,603 -   [Epoch 4, Batch 20/63] Loss: 0.9992
2025-10-13 10:34:32,792 -   [Epoch 4, Batch 40/63] Loss: 1.1124
2025-10-13 10:34:43,040 -   [Epoch 4, Batch 60/63] Loss: 1.0005
2025-10-13 10:34:47,610 - ðŸ“Š TRAIN  -> Loss: 1.0420
2025-10-13 10:34:47,610 - ðŸ“Š VALID  -> Loss: 1.0878 | IoU: 0.2817 | F1: 0.4158 | Precision: 0.3030 | Recall: 0.8516
2025-10-13 10:34:47,610 - 
--- EPOCH 5/50 ---
2025-10-13 10:34:58,132 -   [Epoch 5, Batch 20/63] Loss: 1.0541
2025-10-13 10:35:08,340 -   [Epoch 5, Batch 40/63] Loss: 1.0547
2025-10-13 10:35:18,542 -   [Epoch 5, Batch 60/63] Loss: 0.8630
2025-10-13 10:35:22,914 - ðŸ“Š TRAIN  -> Loss: 1.0104
2025-10-13 10:35:22,914 - ðŸ“Š VALID  -> Loss: 1.1286 | IoU: 0.4290 | F1: 0.5716 | Precision: 0.5713 | Recall: 0.6907
2025-10-13 10:35:23,058 - ðŸ† NEW BEST IoU: 0.4290. Model saved to /Users/atharvwadadekar/Major Project/DisasterDL/models/best_flood_model.pth
2025-10-13 10:35:23,058 - 
--- EPOCH 6/50 ---
2025-10-13 10:35:33,228 -   [Epoch 6, Batch 20/63] Loss: 1.0219
2025-10-13 10:35:43,469 -   [Epoch 6, Batch 40/63] Loss: 0.8027
2025-10-13 10:35:53,952 -   [Epoch 6, Batch 60/63] Loss: 1.0661
2025-10-13 10:35:58,371 - ðŸ“Š TRAIN  -> Loss: 1.0130
2025-10-13 10:35:58,371 - ðŸ“Š VALID  -> Loss: 1.0554 | IoU: 0.4654 | F1: 0.6042 | Precision: 0.5797 | Recall: 0.7492
2025-10-13 10:35:58,515 - ðŸ† NEW BEST IoU: 0.4654. Model saved to /Users/atharvwadadekar/Major Project/DisasterDL/models/best_flood_model.pth
2025-10-13 10:35:58,516 - 
--- EPOCH 7/50 ---
2025-10-13 10:36:08,713 -   [Epoch 7, Batch 20/63] Loss: 1.1216
2025-10-13 10:36:18,905 -   [Epoch 7, Batch 40/63] Loss: 1.0700
2025-10-13 10:36:29,160 -   [Epoch 7, Batch 60/63] Loss: 0.9612
2025-10-13 10:36:33,576 - ðŸ“Š TRAIN  -> Loss: 1.0110
2025-10-13 10:36:33,577 - ðŸ“Š VALID  -> Loss: 1.0024 | IoU: 0.4358 | F1: 0.5799 | Precision: 0.4981 | Recall: 0.8147
2025-10-13 10:36:33,577 - 
--- EPOCH 8/50 ---
2025-10-13 10:36:43,707 -   [Epoch 8, Batch 20/63] Loss: 0.9938
2025-10-13 10:36:54,109 -   [Epoch 8, Batch 40/63] Loss: 1.0606
2025-10-13 10:37:04,461 -   [Epoch 8, Batch 60/63] Loss: 0.8130
2025-10-13 10:37:08,879 - ðŸ“Š TRAIN  -> Loss: 1.0113
2025-10-13 10:37:08,879 - ðŸ“Š VALID  -> Loss: 0.9474 | IoU: 0.4678 | F1: 0.6063 | Precision: 0.4995 | Recall: 0.8716
2025-10-13 10:37:09,028 - ðŸ† NEW BEST IoU: 0.4678. Model saved to /Users/atharvwadadekar/Major Project/DisasterDL/models/best_flood_model.pth
2025-10-13 10:37:09,028 - 
--- EPOCH 9/50 ---
2025-10-13 10:37:19,191 -   [Epoch 9, Batch 20/63] Loss: 0.9855
2025-10-13 10:37:29,442 -   [Epoch 9, Batch 40/63] Loss: 0.7436
2025-10-13 10:37:39,716 -   [Epoch 9, Batch 60/63] Loss: 1.0567
2025-10-13 10:37:44,160 - ðŸ“Š TRAIN  -> Loss: 0.9988
2025-10-13 10:37:44,160 - ðŸ“Š VALID  -> Loss: 0.9626 | IoU: 0.4492 | F1: 0.5824 | Precision: 0.4803 | Recall: 0.8725
2025-10-13 10:37:44,160 - 
--- EPOCH 10/50 ---
2025-10-13 10:37:54,374 -   [Epoch 10, Batch 20/63] Loss: 0.9668
2025-10-13 10:38:04,729 -   [Epoch 10, Batch 40/63] Loss: 0.9932
2025-10-13 10:38:15,183 -   [Epoch 10, Batch 60/63] Loss: 1.2934
2025-10-13 10:38:19,580 - ðŸ“Š TRAIN  -> Loss: 1.0040
2025-10-13 10:38:19,580 - ðŸ“Š VALID  -> Loss: 0.9623 | IoU: 0.4735 | F1: 0.6132 | Precision: 0.5155 | Recall: 0.8417
2025-10-13 10:38:19,724 - ðŸ† NEW BEST IoU: 0.4735. Model saved to /Users/atharvwadadekar/Major Project/DisasterDL/models/best_flood_model.pth
2025-10-13 10:38:19,724 - 
--- EPOCH 11/50 ---
2025-10-13 10:38:29,884 -   [Epoch 11, Batch 20/63] Loss: 1.0312
2025-10-13 10:38:40,141 -   [Epoch 11, Batch 40/63] Loss: 1.0458
2025-10-13 10:38:50,395 -   [Epoch 11, Batch 60/63] Loss: 0.9578
2025-10-13 10:38:54,859 - ðŸ“Š TRAIN  -> Loss: 0.9874
2025-10-13 10:38:54,859 - ðŸ“Š VALID  -> Loss: 0.9426 | IoU: 0.4569 | F1: 0.5950 | Precision: 0.4846 | Recall: 0.8850
2025-10-13 10:38:54,859 - 
--- EPOCH 12/50 ---
2025-10-13 10:39:05,108 -   [Epoch 12, Batch 20/63] Loss: 1.0570
2025-10-13 10:39:15,310 -   [Epoch 12, Batch 40/63] Loss: 1.1154
2025-10-13 10:39:25,723 -   [Epoch 12, Batch 60/63] Loss: 1.0680
2025-10-13 10:39:30,165 - ðŸ“Š TRAIN  -> Loss: 0.9901
2025-10-13 10:39:30,165 - ðŸ“Š VALID  -> Loss: 0.9339 | IoU: 0.4639 | F1: 0.6014 | Precision: 0.4887 | Recall: 0.8789
2025-10-13 10:39:30,165 - 
--- EPOCH 13/50 ---
2025-10-13 10:39:40,377 -   [Epoch 13, Batch 20/63] Loss: 0.9215
2025-10-13 10:39:50,732 -   [Epoch 13, Batch 40/63] Loss: 1.0509
2025-10-13 10:40:01,264 -   [Epoch 13, Batch 60/63] Loss: 0.8555
2025-10-13 10:40:05,798 - ðŸ“Š TRAIN  -> Loss: 0.9794
2025-10-13 10:40:05,799 - ðŸ“Š VALID  -> Loss: 0.9354 | IoU: 0.4713 | F1: 0.6072 | Precision: 0.4963 | Recall: 0.8949
2025-10-13 10:40:05,799 - 
--- EPOCH 14/50 ---
2025-10-13 10:40:16,004 -   [Epoch 14, Batch 20/63] Loss: 0.9756
2025-10-13 10:40:26,290 -   [Epoch 14, Batch 40/63] Loss: 0.7268
2025-10-13 10:40:36,792 -   [Epoch 14, Batch 60/63] Loss: 1.0784
2025-10-13 10:40:41,228 - ðŸ“Š TRAIN  -> Loss: 0.9786
2025-10-13 10:40:41,228 - ðŸ“Š VALID  -> Loss: 0.9701 | IoU: 0.4941 | F1: 0.6305 | Precision: 0.5531 | Recall: 0.8130
2025-10-13 10:40:41,371 - ðŸ† NEW BEST IoU: 0.4941. Model saved to /Users/atharvwadadekar/Major Project/DisasterDL/models/best_flood_model.pth
2025-10-13 10:40:41,371 - 
--- EPOCH 15/50 ---
2025-10-13 10:40:51,572 -   [Epoch 15, Batch 20/63] Loss: 0.9882
2025-10-13 10:41:01,897 -   [Epoch 15, Batch 40/63] Loss: 0.9256
2025-10-13 10:41:12,120 -   [Epoch 15, Batch 60/63] Loss: 0.9230
2025-10-13 10:41:16,532 - ðŸ“Š TRAIN  -> Loss: 0.9762
2025-10-13 10:41:16,533 - ðŸ“Š VALID  -> Loss: 0.9278 | IoU: 0.4768 | F1: 0.6107 | Precision: 0.4969 | Recall: 0.8986
2025-10-13 10:41:16,533 - 
--- EPOCH 16/50 ---
2025-10-13 10:41:26,798 -   [Epoch 16, Batch 20/63] Loss: 1.0413
2025-10-13 10:41:37,010 -   [Epoch 16, Batch 40/63] Loss: 0.7420
2025-10-13 10:41:47,403 -   [Epoch 16, Batch 60/63] Loss: 0.7910
2025-10-13 10:41:51,837 - ðŸ“Š TRAIN  -> Loss: 0.9726
2025-10-13 10:41:51,837 - ðŸ“Š VALID  -> Loss: 0.9215 | IoU: 0.4872 | F1: 0.6228 | Precision: 0.5096 | Recall: 0.8940
2025-10-13 10:41:51,837 - 
--- EPOCH 17/50 ---
2025-10-13 10:42:02,320 -   [Epoch 17, Batch 20/63] Loss: 0.8752
2025-10-13 10:42:12,836 -   [Epoch 17, Batch 40/63] Loss: 0.8673
2025-10-13 10:42:23,327 -   [Epoch 17, Batch 60/63] Loss: 1.1004
2025-10-13 10:42:27,876 - ðŸ“Š TRAIN  -> Loss: 0.9627
2025-10-13 10:42:27,876 - ðŸ“Š VALID  -> Loss: 0.9469 | IoU: 0.4685 | F1: 0.6055 | Precision: 0.4977 | Recall: 0.8650
2025-10-13 10:42:27,876 - 
--- EPOCH 18/50 ---
2025-10-13 10:42:38,363 -   [Epoch 18, Batch 20/63] Loss: 1.0050
2025-10-13 10:42:48,595 -   [Epoch 18, Batch 40/63] Loss: 1.1619
2025-10-13 10:42:58,790 -   [Epoch 18, Batch 60/63] Loss: 1.0535
2025-10-13 10:43:03,240 - ðŸ“Š TRAIN  -> Loss: 0.9721
2025-10-13 10:43:03,240 - ðŸ“Š VALID  -> Loss: 0.9520 | IoU: 0.4862 | F1: 0.6253 | Precision: 0.5255 | Recall: 0.8425
2025-10-13 10:43:03,240 - 
--- EPOCH 19/50 ---
2025-10-13 10:43:13,525 -   [Epoch 19, Batch 20/63] Loss: 0.7689
2025-10-13 10:43:24,247 -   [Epoch 19, Batch 40/63] Loss: 0.8512
2025-10-13 10:43:35,266 -   [Epoch 19, Batch 60/63] Loss: 1.1074
2025-10-13 10:43:39,912 - ðŸ“Š TRAIN  -> Loss: 0.9667
2025-10-13 10:43:39,912 - ðŸ“Š VALID  -> Loss: 0.9378 | IoU: 0.4764 | F1: 0.6116 | Precision: 0.5018 | Recall: 0.8809
2025-10-13 10:43:39,912 - 
--- EPOCH 20/50 ---
2025-10-13 10:43:51,205 -   [Epoch 20, Batch 20/63] Loss: 0.9922
2025-10-13 10:44:02,408 -   [Epoch 20, Batch 40/63] Loss: 0.9979
2025-10-13 10:44:13,955 -   [Epoch 20, Batch 60/63] Loss: 0.9618
2025-10-13 10:44:18,779 - ðŸ“Š TRAIN  -> Loss: 0.9665
2025-10-13 10:44:18,779 - ðŸ“Š VALID  -> Loss: 0.9689 | IoU: 0.4619 | F1: 0.6061 | Precision: 0.5079 | Recall: 0.8401
2025-10-13 10:44:18,779 - 
--- EPOCH 21/50 ---
2025-10-13 10:44:30,840 -   [Epoch 21, Batch 20/63] Loss: 0.7133
2025-10-13 10:44:42,880 -   [Epoch 21, Batch 40/63] Loss: 0.8880
2025-10-13 10:44:54,846 -   [Epoch 21, Batch 60/63] Loss: 1.0449
2025-10-13 10:44:59,836 - ðŸ“Š TRAIN  -> Loss: 0.9562
2025-10-13 10:44:59,836 - ðŸ“Š VALID  -> Loss: 0.9525 | IoU: 0.4815 | F1: 0.6219 | Precision: 0.5197 | Recall: 0.8486
2025-10-13 10:44:59,836 - 
--- EPOCH 22/50 ---
2025-10-13 10:45:12,230 -   [Epoch 22, Batch 20/63] Loss: 1.0273
2025-10-13 10:45:24,288 -   [Epoch 22, Batch 40/63] Loss: 0.8445
2025-10-13 10:45:35,640 -   [Epoch 22, Batch 60/63] Loss: 1.0645
2025-10-13 10:45:40,355 - ðŸ“Š TRAIN  -> Loss: 0.9628
2025-10-13 10:45:40,355 - ðŸ“Š VALID  -> Loss: 0.9343 | IoU: 0.4534 | F1: 0.5924 | Precision: 0.4737 | Recall: 0.8917
2025-10-13 10:45:40,355 - 
--- EPOCH 23/50 ---
2025-10-13 10:45:52,399 -   [Epoch 23, Batch 20/63] Loss: 0.9180
2025-10-13 10:46:04,209 -   [Epoch 23, Batch 40/63] Loss: 1.1939
2025-10-13 10:46:15,890 -   [Epoch 23, Batch 60/63] Loss: 0.9933
2025-10-13 10:46:20,725 - ðŸ“Š TRAIN  -> Loss: 0.9406
2025-10-13 10:46:20,725 - ðŸ“Š VALID  -> Loss: 0.9570 | IoU: 0.5041 | F1: 0.6430 | Precision: 0.5559 | Recall: 0.8332
2025-10-13 10:46:20,862 - ðŸ† NEW BEST IoU: 0.5041. Model saved to /Users/atharvwadadekar/Major Project/DisasterDL/models/best_flood_model.pth
2025-10-13 10:46:20,862 - 
--- EPOCH 24/50 ---
2025-10-13 10:46:32,681 -   [Epoch 24, Batch 20/63] Loss: 0.9964
2025-10-13 10:46:44,697 -   [Epoch 24, Batch 40/63] Loss: 0.9897
2025-10-13 10:46:57,786 -   [Epoch 24, Batch 60/63] Loss: 0.9651
2025-10-13 10:47:03,021 - ðŸ“Š TRAIN  -> Loss: 0.9449
2025-10-13 10:47:03,021 - ðŸ“Š VALID  -> Loss: 0.9848 | IoU: 0.4690 | F1: 0.6128 | Precision: 0.5275 | Recall: 0.8150
2025-10-13 10:47:03,021 - 
--- EPOCH 25/50 ---
2025-10-13 10:47:16,257 -   [Epoch 25, Batch 20/63] Loss: 0.7642
2025-10-13 10:47:28,909 -   [Epoch 25, Batch 40/63] Loss: 0.7043
2025-10-13 10:47:41,609 -   [Epoch 25, Batch 60/63] Loss: 0.7403
2025-10-13 10:47:46,782 - ðŸ“Š TRAIN  -> Loss: 0.9579
2025-10-13 10:47:46,783 - ðŸ“Š VALID  -> Loss: 0.9451 | IoU: 0.4868 | F1: 0.6243 | Precision: 0.5256 | Recall: 0.8536
2025-10-13 10:47:46,783 - 
--- EPOCH 26/50 ---
2025-10-13 10:47:59,767 -   [Epoch 26, Batch 20/63] Loss: 0.9976
2025-10-13 10:48:12,112 -   [Epoch 26, Batch 40/63] Loss: 1.0577
2025-10-13 10:48:24,596 -   [Epoch 26, Batch 60/63] Loss: 0.7145
2025-10-13 10:48:29,719 - ðŸ“Š TRAIN  -> Loss: 0.9537
2025-10-13 10:48:29,719 - ðŸ“Š VALID  -> Loss: 0.9330 | IoU: 0.5051 | F1: 0.6413 | Precision: 0.5416 | Recall: 0.8529
2025-10-13 10:48:29,857 - ðŸ† NEW BEST IoU: 0.5051. Model saved to /Users/atharvwadadekar/Major Project/DisasterDL/models/best_flood_model.pth
2025-10-13 10:48:29,857 - 
--- EPOCH 27/50 ---
2025-10-13 10:48:42,755 -   [Epoch 27, Batch 20/63] Loss: 0.9232
2025-10-13 10:48:55,058 -   [Epoch 27, Batch 40/63] Loss: 1.0161
2025-10-13 10:49:06,587 -   [Epoch 27, Batch 60/63] Loss: 0.8592
2025-10-13 10:49:11,323 - ðŸ“Š TRAIN  -> Loss: 0.9554
2025-10-13 10:49:11,324 - ðŸ“Š VALID  -> Loss: 0.9362 | IoU: 0.4922 | F1: 0.6274 | Precision: 0.5245 | Recall: 0.8784
2025-10-13 10:49:11,324 - 
--- EPOCH 28/50 ---
2025-10-13 10:49:23,075 -   [Epoch 28, Batch 20/63] Loss: 1.0681
2025-10-13 10:49:34,431 -   [Epoch 28, Batch 40/63] Loss: 1.0433
2025-10-13 10:49:45,701 -   [Epoch 28, Batch 60/63] Loss: 0.7686
2025-10-13 10:49:50,374 - ðŸ“Š TRAIN  -> Loss: 0.9537
2025-10-13 10:49:50,374 - ðŸ“Š VALID  -> Loss: 0.9247 | IoU: 0.4995 | F1: 0.6347 | Precision: 0.5271 | Recall: 0.8779
2025-10-13 10:49:50,374 - 
--- EPOCH 29/50 ---
2025-10-13 10:50:01,632 -   [Epoch 29, Batch 20/63] Loss: 0.7539
2025-10-13 10:50:12,400 -   [Epoch 29, Batch 40/63] Loss: 0.8340
2025-10-13 10:50:23,090 -   [Epoch 29, Batch 60/63] Loss: 0.8959
2025-10-13 10:50:27,674 - ðŸ“Š TRAIN  -> Loss: 0.9372
2025-10-13 10:50:27,674 - ðŸ“Š VALID  -> Loss: 0.9400 | IoU: 0.5098 | F1: 0.6461 | Precision: 0.5518 | Recall: 0.8462
2025-10-13 10:50:27,816 - ðŸ† NEW BEST IoU: 0.5098. Model saved to /Users/atharvwadadekar/Major Project/DisasterDL/models/best_flood_model.pth
2025-10-13 10:50:27,816 - 
--- EPOCH 30/50 ---
2025-10-13 10:50:38,494 -   [Epoch 30, Batch 20/63] Loss: 0.8749
2025-10-13 10:50:49,169 -   [Epoch 30, Batch 40/63] Loss: 1.0271
2025-10-13 10:50:59,764 -   [Epoch 30, Batch 60/63] Loss: 1.0361
2025-10-13 10:51:04,283 - ðŸ“Š TRAIN  -> Loss: 0.9528
2025-10-13 10:51:04,283 - ðŸ“Š VALID  -> Loss: 0.9435 | IoU: 0.4997 | F1: 0.6370 | Precision: 0.5411 | Recall: 0.8499
2025-10-13 10:51:04,284 - 
--- EPOCH 31/50 ---
2025-10-13 10:51:14,900 -   [Epoch 31, Batch 20/63] Loss: 1.0339
2025-10-13 10:51:25,602 -   [Epoch 31, Batch 40/63] Loss: 0.8504
2025-10-13 10:51:36,217 -   [Epoch 31, Batch 60/63] Loss: 1.0319
2025-10-13 10:51:40,699 - ðŸ“Š TRAIN  -> Loss: 0.9607
2025-10-13 10:51:40,699 - ðŸ“Š VALID  -> Loss: 0.9355 | IoU: 0.5211 | F1: 0.6578 | Precision: 0.5649 | Recall: 0.8454
2025-10-13 10:51:40,837 - ðŸ† NEW BEST IoU: 0.5211. Model saved to /Users/atharvwadadekar/Major Project/DisasterDL/models/best_flood_model.pth
2025-10-13 10:51:40,837 - 
--- EPOCH 32/50 ---
2025-10-13 10:51:51,468 -   [Epoch 32, Batch 20/63] Loss: 0.7561
2025-10-13 10:52:01,957 -   [Epoch 32, Batch 40/63] Loss: 0.7544
2025-10-13 10:52:12,359 -   [Epoch 32, Batch 60/63] Loss: 1.0155
2025-10-13 10:52:16,734 - ðŸ“Š TRAIN  -> Loss: 0.9489
2025-10-13 10:52:16,734 - ðŸ“Š VALID  -> Loss: 0.9469 | IoU: 0.4931 | F1: 0.6333 | Precision: 0.5341 | Recall: 0.8445
2025-10-13 10:52:16,734 - 
--- EPOCH 33/50 ---
2025-10-13 10:52:27,212 -   [Epoch 33, Batch 20/63] Loss: 1.0152
2025-10-13 10:52:37,499 -   [Epoch 33, Batch 40/63] Loss: 0.9296
2025-10-13 10:52:47,779 -   [Epoch 33, Batch 60/63] Loss: 1.0336
2025-10-13 10:52:52,221 - ðŸ“Š TRAIN  -> Loss: 0.9380
2025-10-13 10:52:52,221 - ðŸ“Š VALID  -> Loss: 0.9323 | IoU: 0.4914 | F1: 0.6325 | Precision: 0.5224 | Recall: 0.8641
2025-10-13 10:52:52,221 - 
--- EPOCH 34/50 ---
2025-10-13 10:53:02,562 -   [Epoch 34, Batch 20/63] Loss: 1.1064
2025-10-13 10:53:12,844 -   [Epoch 34, Batch 40/63] Loss: 1.0855
2025-10-13 10:53:23,029 -   [Epoch 34, Batch 60/63] Loss: 0.9499
2025-10-13 10:53:27,381 - ðŸ“Š TRAIN  -> Loss: 0.9554
2025-10-13 10:53:27,381 - ðŸ“Š VALID  -> Loss: 0.9358 | IoU: 0.5212 | F1: 0.6583 | Precision: 0.5643 | Recall: 0.8490
2025-10-13 10:53:27,521 - ðŸ† NEW BEST IoU: 0.5212. Model saved to /Users/atharvwadadekar/Major Project/DisasterDL/models/best_flood_model.pth
2025-10-13 10:53:27,522 - 
--- EPOCH 35/50 ---
2025-10-13 10:53:37,616 -   [Epoch 35, Batch 20/63] Loss: 0.9064
2025-10-13 10:53:47,802 -   [Epoch 35, Batch 40/63] Loss: 0.6610
2025-10-13 10:53:58,034 -   [Epoch 35, Batch 60/63] Loss: 0.9704
2025-10-13 10:54:02,476 - ðŸ“Š TRAIN  -> Loss: 0.9341
2025-10-13 10:54:02,476 - ðŸ“Š VALID  -> Loss: 0.9425 | IoU: 0.5118 | F1: 0.6459 | Precision: 0.5538 | Recall: 0.8478
2025-10-13 10:54:02,476 - 
--- EPOCH 36/50 ---
2025-10-13 10:54:12,588 -   [Epoch 36, Batch 20/63] Loss: 1.0443
2025-10-13 10:54:22,763 -   [Epoch 36, Batch 40/63] Loss: 0.9673
2025-10-13 10:54:33,029 -   [Epoch 36, Batch 60/63] Loss: 1.0000
2025-10-13 10:54:37,407 - ðŸ“Š TRAIN  -> Loss: 0.9331
2025-10-13 10:54:37,407 - ðŸ“Š VALID  -> Loss: 0.9253 | IoU: 0.5258 | F1: 0.6580 | Precision: 0.5600 | Recall: 0.8611
2025-10-13 10:54:37,553 - ðŸ† NEW BEST IoU: 0.5258. Model saved to /Users/atharvwadadekar/Major Project/DisasterDL/models/best_flood_model.pth
2025-10-13 10:54:37,553 - 
--- EPOCH 37/50 ---
2025-10-13 10:54:47,724 -   [Epoch 37, Batch 20/63] Loss: 0.9568
2025-10-13 10:54:57,892 -   [Epoch 37, Batch 40/63] Loss: 0.9813
2025-10-13 10:55:07,998 -   [Epoch 37, Batch 60/63] Loss: 0.9791
2025-10-13 10:55:12,391 - ðŸ“Š TRAIN  -> Loss: 0.9374
2025-10-13 10:55:12,391 - ðŸ“Š VALID  -> Loss: 0.9253 | IoU: 0.5174 | F1: 0.6527 | Precision: 0.5495 | Recall: 0.8649
2025-10-13 10:55:12,391 - 
--- EPOCH 38/50 ---
2025-10-13 10:55:22,581 -   [Epoch 38, Batch 20/63] Loss: 0.8183
2025-10-13 10:55:32,715 -   [Epoch 38, Batch 40/63] Loss: 0.8371
2025-10-13 10:55:42,809 -   [Epoch 38, Batch 60/63] Loss: 0.6858
2025-10-13 10:55:47,181 - ðŸ“Š TRAIN  -> Loss: 0.9272
2025-10-13 10:55:47,181 - ðŸ“Š VALID  -> Loss: 0.9368 | IoU: 0.4911 | F1: 0.6303 | Precision: 0.5241 | Recall: 0.8646
2025-10-13 10:55:47,181 - 
--- EPOCH 39/50 ---
2025-10-13 10:55:57,285 -   [Epoch 39, Batch 20/63] Loss: 0.9106
2025-10-13 10:56:07,388 -   [Epoch 39, Batch 40/63] Loss: 0.8631
2025-10-13 10:56:17,610 -   [Epoch 39, Batch 60/63] Loss: 1.0400
2025-10-13 10:56:22,029 - ðŸ“Š TRAIN  -> Loss: 0.9502
2025-10-13 10:56:22,029 - ðŸ“Š VALID  -> Loss: 0.9411 | IoU: 0.5241 | F1: 0.6610 | Precision: 0.5707 | Recall: 0.8357
2025-10-13 10:56:22,029 - 
--- EPOCH 40/50 ---
2025-10-13 10:56:32,067 -   [Epoch 40, Batch 20/63] Loss: 0.6684
2025-10-13 10:56:42,123 -   [Epoch 40, Batch 40/63] Loss: 0.8760
2025-10-13 10:56:52,248 -   [Epoch 40, Batch 60/63] Loss: 1.0108
2025-10-13 10:56:56,639 - ðŸ“Š TRAIN  -> Loss: 0.9466
2025-10-13 10:56:56,639 - ðŸ“Š VALID  -> Loss: 0.9453 | IoU: 0.5196 | F1: 0.6561 | Precision: 0.5675 | Recall: 0.8293
2025-10-13 10:56:56,639 - 
--- EPOCH 41/50 ---
2025-10-13 10:57:06,667 -   [Epoch 41, Batch 20/63] Loss: 0.7223
2025-10-13 10:57:16,736 -   [Epoch 41, Batch 40/63] Loss: 0.8760
2025-10-13 10:57:26,825 -   [Epoch 41, Batch 60/63] Loss: 0.9722
2025-10-13 10:57:31,213 - ðŸ“Š TRAIN  -> Loss: 0.9292
2025-10-13 10:57:31,214 - ðŸ“Š VALID  -> Loss: 0.9206 | IoU: 0.5090 | F1: 0.6435 | Precision: 0.5355 | Recall: 0.8827
2025-10-13 10:57:31,214 - 
--- EPOCH 42/50 ---
2025-10-13 10:57:41,321 -   [Epoch 42, Batch 20/63] Loss: 0.8725
2025-10-13 10:57:51,372 -   [Epoch 42, Batch 40/63] Loss: 1.0044
2025-10-13 10:58:01,497 -   [Epoch 42, Batch 60/63] Loss: 0.8489
2025-10-13 10:58:05,822 - ðŸ“Š TRAIN  -> Loss: 0.9258
2025-10-13 10:58:05,822 - ðŸ“Š VALID  -> Loss: 0.9421 | IoU: 0.5112 | F1: 0.6492 | Precision: 0.5536 | Recall: 0.8458
2025-10-13 10:58:05,822 - 
--- EPOCH 43/50 ---
2025-10-13 10:58:15,883 -   [Epoch 43, Batch 20/63] Loss: 0.7612
2025-10-13 10:58:25,968 -   [Epoch 43, Batch 40/63] Loss: 0.7066
2025-10-13 10:58:36,097 -   [Epoch 43, Batch 60/63] Loss: 1.0960
2025-10-13 10:58:40,526 - ðŸ“Š TRAIN  -> Loss: 0.9334
2025-10-13 10:58:40,526 - ðŸ“Š VALID  -> Loss: 0.9478 | IoU: 0.5131 | F1: 0.6516 | Precision: 0.5619 | Recall: 0.8344
2025-10-13 10:58:40,526 - 
--- EPOCH 44/50 ---
2025-10-13 10:58:50,558 -   [Epoch 44, Batch 20/63] Loss: 1.0339
2025-10-13 10:59:00,695 -   [Epoch 44, Batch 40/63] Loss: 1.0190
2025-10-13 10:59:10,876 -   [Epoch 44, Batch 60/63] Loss: 1.0439
2025-10-13 10:59:15,282 - ðŸ“Š TRAIN  -> Loss: 0.9267
2025-10-13 10:59:15,282 - ðŸ“Š VALID  -> Loss: 0.9399 | IoU: 0.5185 | F1: 0.6572 | Precision: 0.5633 | Recall: 0.8430
2025-10-13 10:59:15,282 - 
--- EPOCH 45/50 ---
2025-10-13 10:59:25,357 -   [Epoch 45, Batch 20/63] Loss: 0.9729
2025-10-13 10:59:35,407 -   [Epoch 45, Batch 40/63] Loss: 1.0084
2025-10-13 10:59:45,519 -   [Epoch 45, Batch 60/63] Loss: 0.9195
2025-10-13 10:59:49,923 - ðŸ“Š TRAIN  -> Loss: 0.9270
2025-10-13 10:59:49,924 - ðŸ“Š VALID  -> Loss: 0.9464 | IoU: 0.5062 | F1: 0.6463 | Precision: 0.5498 | Recall: 0.8490
2025-10-13 10:59:49,924 - 
--- EPOCH 46/50 ---
2025-10-13 11:00:00,035 -   [Epoch 46, Batch 20/63] Loss: 1.0129
2025-10-13 11:00:10,168 -   [Epoch 46, Batch 40/63] Loss: 0.9554
2025-10-13 11:00:20,219 -   [Epoch 46, Batch 60/63] Loss: 1.0136
2025-10-13 11:00:24,601 - ðŸ“Š TRAIN  -> Loss: 0.9362
2025-10-13 11:00:24,601 - ðŸ“Š VALID  -> Loss: 0.9322 | IoU: 0.5215 | F1: 0.6590 | Precision: 0.5601 | Recall: 0.8545
2025-10-13 11:00:24,601 - 
--- EPOCH 47/50 ---
2025-10-13 11:00:34,665 -   [Epoch 47, Batch 20/63] Loss: 1.0917
2025-10-13 11:00:44,789 -   [Epoch 47, Batch 40/63] Loss: 1.0151
2025-10-13 11:00:54,895 -   [Epoch 47, Batch 60/63] Loss: 0.9617
2025-10-13 11:00:59,205 - ðŸ“Š TRAIN  -> Loss: 0.9290
2025-10-13 11:00:59,205 - ðŸ“Š VALID  -> Loss: 0.9339 | IoU: 0.5119 | F1: 0.6505 | Precision: 0.5498 | Recall: 0.8577
2025-10-13 11:00:59,205 - 
--- EPOCH 48/50 ---
2025-10-13 11:01:09,239 -   [Epoch 48, Batch 20/63] Loss: 1.0274
2025-10-13 11:01:19,352 -   [Epoch 48, Batch 40/63] Loss: 0.9680
2025-10-13 11:01:29,481 -   [Epoch 48, Batch 60/63] Loss: 1.0160
2025-10-13 11:01:33,865 - ðŸ“Š TRAIN  -> Loss: 0.9243
2025-10-13 11:01:33,865 - ðŸ“Š VALID  -> Loss: 0.9306 | IoU: 0.4907 | F1: 0.6316 | Precision: 0.5199 | Recall: 0.8722
2025-10-13 11:01:33,865 - 
--- EPOCH 49/50 ---
2025-10-13 11:01:43,918 -   [Epoch 49, Batch 20/63] Loss: 1.0096
2025-10-13 11:01:53,996 -   [Epoch 49, Batch 40/63] Loss: 0.9838
2025-10-13 11:02:04,093 -   [Epoch 49, Batch 60/63] Loss: 0.9018
2025-10-13 11:02:08,432 - ðŸ“Š TRAIN  -> Loss: 0.9250
2025-10-13 11:02:08,432 - ðŸ“Š VALID  -> Loss: 0.9294 | IoU: 0.5029 | F1: 0.6423 | Precision: 0.5352 | Recall: 0.8696
2025-10-13 11:02:08,432 - 
--- EPOCH 50/50 ---
2025-10-13 11:02:18,583 -   [Epoch 50, Batch 20/63] Loss: 0.9415
2025-10-13 11:02:28,742 -   [Epoch 50, Batch 40/63] Loss: 0.9664
2025-10-13 11:02:38,809 -   [Epoch 50, Batch 60/63] Loss: 1.0117
2025-10-13 11:02:43,159 - ðŸ“Š TRAIN  -> Loss: 0.9300
2025-10-13 11:02:43,160 - ðŸ“Š VALID  -> Loss: 0.9414 | IoU: 0.5191 | F1: 0.6574 | Precision: 0.5663 | Recall: 0.8400
2025-10-13 11:02:43,160 - 
============================================================
2025-10-13 11:02:43,160 - ðŸŽ‰ Training Complete! Best Validation IoU: 0.5258
2025-10-13 11:02:43,160 - ============================================================
